<?xml version="1.0" encoding="UTF-8"?>
<!-- Generated by org.testng.reporters.JUnitReportReporter -->
<testsuite hostname="SanthoshSanjay" name="org.test.junit.JunitSample1" tests="3" failures="0" timestamp="31 Jan 2022 13:45:57 GMT" time="0.068" errors="0">
  <testcase name="test3" time="0.007" classname="org.test.junit.JunitSample1"/>
  <testcase name="test2" time="0.002" classname="org.test.junit.JunitSample1"/>
  <testcase name="test1" time="0.059" classname="org.test.junit.JunitSample1"/>
</testsuite> <!-- org.test.junit.JunitSample1 -->
